<?xml version="1.0" encoding="UTF-8"?>
<testsuite name="cz.cvut.fit.matousi1.controller.studioControllerTest" tests="5" skipped="0" failures="0" errors="0" timestamp="2021-01-21T11:19:03" hostname="WSIMUNEK" time="0.168">
  <properties/>
  <testcase name="create()" classname="cz.cvut.fit.matousi1.controller.studioControllerTest" time="0.078"/>
  <testcase name="delete()" classname="cz.cvut.fit.matousi1.controller.studioControllerTest" time="0.024"/>
  <testcase name="readById()" classname="cz.cvut.fit.matousi1.controller.studioControllerTest" time="0.009"/>
  <testcase name="update()" classname="cz.cvut.fit.matousi1.controller.studioControllerTest" time="0.033"/>
  <testcase name="readAll()" classname="cz.cvut.fit.matousi1.controller.studioControllerTest" time="0.008"/>
  <system-out><![CDATA[12:18:55.782 [Test worker] DEBUG org.springframework.test.context.BootstrapUtils - Instantiating CacheAwareContextLoaderDelegate from class [org.springframework.test.context.cache.DefaultCacheAwareContextLoaderDelegate]
12:18:55.802 [Test worker] DEBUG org.springframework.test.context.BootstrapUtils - Instantiating BootstrapContext using constructor [public org.springframework.test.context.support.DefaultBootstrapContext(java.lang.Class,org.springframework.test.context.CacheAwareContextLoaderDelegate)]
12:18:55.840 [Test worker] DEBUG org.springframework.test.context.BootstrapUtils - Instantiating TestContextBootstrapper for test class [cz.cvut.fit.matousi1.controller.studioControllerTest] from class [org.springframework.boot.test.context.SpringBootTestContextBootstrapper]
12:18:55.861 [Test worker] INFO org.springframework.boot.test.context.SpringBootTestContextBootstrapper - Neither @ContextConfiguration nor @ContextHierarchy found for test class [cz.cvut.fit.matousi1.controller.studioControllerTest], using SpringBootContextLoader
12:18:55.866 [Test worker] DEBUG org.springframework.test.context.support.AbstractContextLoader - Did not detect default resource location for test class [cz.cvut.fit.matousi1.controller.studioControllerTest]: class path resource [cz/cvut/fit/matousi1/controller/studioControllerTest-context.xml] does not exist
12:18:55.867 [Test worker] DEBUG org.springframework.test.context.support.AbstractContextLoader - Did not detect default resource location for test class [cz.cvut.fit.matousi1.controller.studioControllerTest]: class path resource [cz/cvut/fit/matousi1/controller/studioControllerTestContext.groovy] does not exist
12:18:55.867 [Test worker] INFO org.springframework.test.context.support.AbstractContextLoader - Could not detect default resource locations for test class [cz.cvut.fit.matousi1.controller.studioControllerTest]: no resource found for suffixes {-context.xml, Context.groovy}.
12:18:55.868 [Test worker] INFO org.springframework.test.context.support.AnnotationConfigContextLoaderUtils - Could not detect default configuration classes for test class [cz.cvut.fit.matousi1.controller.studioControllerTest]: studioControllerTest does not declare any static, non-private, non-final, nested classes annotated with @Configuration.
12:18:55.942 [Test worker] DEBUG org.springframework.test.context.support.ActiveProfilesUtils - Could not find an 'annotation declaring class' for annotation type [org.springframework.test.context.ActiveProfiles] and class [cz.cvut.fit.matousi1.controller.studioControllerTest]
12:18:57.219 [Test worker] DEBUG org.springframework.context.annotation.ClassPathScanningCandidateComponentProvider - Identified candidate component class: file [D:\FIT_Software\IntelliJ IDEA 2020.2.3\projects\matousi1_sem_server\build\classes\java\main\cz\cvut\fit\matousi1\App.class]
12:18:57.221 [Test worker] INFO org.springframework.boot.test.context.SpringBootTestContextBootstrapper - Found @SpringBootConfiguration cz.cvut.fit.matousi1.App for test class cz.cvut.fit.matousi1.controller.studioControllerTest
12:18:57.344 [Test worker] DEBUG org.springframework.boot.test.context.SpringBootTestContextBootstrapper - @TestExecutionListeners is not present for class [cz.cvut.fit.matousi1.controller.studioControllerTest]: using defaults.
12:18:57.344 [Test worker] INFO org.springframework.boot.test.context.SpringBootTestContextBootstrapper - Loaded default TestExecutionListener class names from location [META-INF/spring.factories]: [org.springframework.boot.test.autoconfigure.restdocs.RestDocsTestExecutionListener, org.springframework.boot.test.autoconfigure.web.client.MockRestServiceServerResetTestExecutionListener, org.springframework.boot.test.autoconfigure.web.servlet.MockMvcPrintOnlyOnFailureTestExecutionListener, org.springframework.boot.test.autoconfigure.web.servlet.WebDriverTestExecutionListener, org.springframework.boot.test.autoconfigure.webservices.client.MockWebServiceServerTestExecutionListener, org.springframework.boot.test.mock.mockito.MockitoTestExecutionListener, org.springframework.boot.test.mock.mockito.ResetMocksTestExecutionListener, org.springframework.test.context.web.ServletTestExecutionListener, org.springframework.test.context.support.DirtiesContextBeforeModesTestExecutionListener, org.springframework.test.context.support.DependencyInjectionTestExecutionListener, org.springframework.test.context.support.DirtiesContextTestExecutionListener, org.springframework.test.context.transaction.TransactionalTestExecutionListener, org.springframework.test.context.jdbc.SqlScriptsTestExecutionListener, org.springframework.test.context.event.EventPublishingTestExecutionListener]
12:18:57.368 [Test worker] INFO org.springframework.boot.test.context.SpringBootTestContextBootstrapper - Using TestExecutionListeners: [org.springframework.test.context.web.ServletTestExecutionListener@5ca12f1b, org.springframework.test.context.support.DirtiesContextBeforeModesTestExecutionListener@5fc1c3b, org.springframework.boot.test.mock.mockito.MockitoTestExecutionListener@a1fa8b4, org.springframework.boot.test.autoconfigure.SpringBootDependencyInjectionTestExecutionListener@36ccc488, org.springframework.test.context.support.DirtiesContextTestExecutionListener@6340fcbd, org.springframework.test.context.transaction.TransactionalTestExecutionListener@638392a, org.springframework.test.context.jdbc.SqlScriptsTestExecutionListener@71957b51, org.springframework.test.context.event.EventPublishingTestExecutionListener@21ad196f, org.springframework.boot.test.autoconfigure.restdocs.RestDocsTestExecutionListener@45ecbcf3, org.springframework.boot.test.autoconfigure.web.client.MockRestServiceServerResetTestExecutionListener@25a2c0d, org.springframework.boot.test.autoconfigure.web.servlet.MockMvcPrintOnlyOnFailureTestExecutionListener@58cf90e4, org.springframework.boot.test.autoconfigure.web.servlet.WebDriverTestExecutionListener@11608cf3, org.springframework.boot.test.autoconfigure.webservices.client.MockWebServiceServerTestExecutionListener@314ba108, org.springframework.boot.test.mock.mockito.ResetMocksTestExecutionListener@62a2d968]
12:18:57.373 [Test worker] DEBUG org.springframework.test.context.support.AbstractDirtiesContextTestExecutionListener - Before test class: context [DefaultTestContext@59934c1a testClass = studioControllerTest, testInstance = [null], testMethod = [null], testException = [null], mergedContextConfiguration = [WebMergedContextConfiguration@180ec3da testClass = studioControllerTest, locations = '{}', classes = '{class cz.cvut.fit.matousi1.App}', contextInitializerClasses = '[]', activeProfiles = '{}', propertySourceLocations = '{}', propertySourceProperties = '{org.springframework.boot.test.context.SpringBootTestContextBootstrapper=true}', contextCustomizers = set[org.springframework.boot.test.autoconfigure.properties.PropertyMappingContextCustomizer@0, org.springframework.boot.test.autoconfigure.web.servlet.WebDriverContextCustomizerFactory$Customizer@2b9e4d5e, org.springframework.boot.test.context.filter.ExcludeFilterContextCustomizer@11f6426d, org.springframework.boot.test.json.DuplicateJsonObjectContextCustomizerFactory$DuplicateJsonObjectContextCustomizer@3cdd2a2c, org.springframework.boot.test.mock.mockito.MockitoContextCustomizer@ffc473c, org.springframework.boot.test.web.client.TestRestTemplateContextCustomizer@231df88f, org.springframework.boot.test.context.SpringBootTestArgs@1], resourceBasePath = 'src/main/webapp', contextLoader = 'org.springframework.boot.test.context.SpringBootContextLoader', parent = [null]], attributes = map['org.springframework.test.context.web.ServletTestExecutionListener.activateListener' -> true]], class annotated with @DirtiesContext [false] with mode [null].
12:18:57.410 [Test worker] DEBUG org.springframework.test.context.support.TestPropertySourceUtils - Adding inlined properties to environment: {spring.jmx.enabled=false, org.springframework.boot.test.context.SpringBootTestContextBootstrapper=true}

  .   ____          _            __ _ _
 /\\ / ___'_ __ _ _(_)_ __  __ _ \ \ \ \
( ( )\___ | '_ | '_| | '_ \/ _` | \ \ \ \
 \\/  ___)| |_)| | | | | || (_| |  ) ) ) )
  '  |____| .__|_| |_|_| |_\__, | / / / /
 =========|_|==============|___/=/_/_/_/
 :: Spring Boot ::        (v2.3.4.RELEASE)

2021-01-21 12:18:57.960  INFO 1632 --- [    Test worker] c.c.f.m.controller.studioControllerTest  : Starting studioControllerTest on WSIMUNEK with PID 1632 (started by matou in D:\FIT_Software\IntelliJ IDEA 2020.2.3\projects\matousi1_sem_server)
2021-01-21 12:18:57.962  INFO 1632 --- [    Test worker] c.c.f.m.controller.studioControllerTest  : No active profile set, falling back to default profiles: default
2021-01-21 12:18:59.375  INFO 1632 --- [    Test worker] .s.d.r.c.RepositoryConfigurationDelegate : Bootstrapping Spring Data JPA repositories in DEFERRED mode.
2021-01-21 12:18:59.505  INFO 1632 --- [    Test worker] .s.d.r.c.RepositoryConfigurationDelegate : Finished Spring Data repository scanning in 114ms. Found 5 JPA repository interfaces.
2021-01-21 12:19:00.844  INFO 1632 --- [    Test worker] o.s.s.concurrent.ThreadPoolTaskExecutor  : Initializing ExecutorService 'applicationTaskExecutor'
2021-01-21 12:19:00.875  INFO 1632 --- [    Test worker] com.zaxxer.hikari.HikariDataSource       : HikariPool-1 - Starting...
2021-01-21 12:19:01.138  INFO 1632 --- [    Test worker] com.zaxxer.hikari.pool.PoolBase          : HikariPool-1 - Driver does not support get/set network timeout for connections. (Receiver class org.h2.jdbc.JdbcConnection does not define or inherit an implementation of the resolved method 'abstract int getNetworkTimeout()' of interface java.sql.Connection.)
2021-01-21 12:19:01.154  INFO 1632 --- [    Test worker] com.zaxxer.hikari.HikariDataSource       : HikariPool-1 - Start completed.
2021-01-21 12:19:01.273  INFO 1632 --- [         task-1] o.hibernate.jpa.internal.util.LogHelper  : HHH000204: Processing PersistenceUnitInfo [name: default]
2021-01-21 12:19:01.445  INFO 1632 --- [         task-1] org.hibernate.Version                    : HHH000412: Hibernate ORM core version 5.4.21.Final
2021-01-21 12:19:01.537  INFO 1632 --- [         task-1] o.hibernate.annotations.common.Version   : HCANN000001: Hibernate Commons Annotations {5.1.0.Final}
2021-01-21 12:19:01.818  INFO 1632 --- [         task-1] org.hibernate.dialect.Dialect            : HHH000400: Using dialect: org.hibernate.dialect.H2Dialect
2021-01-21 12:19:01.834  WARN 1632 --- [    Test worker] JpaBaseConfiguration$JpaWebConfiguration : spring.jpa.open-in-view is enabled by default. Therefore, database queries may be performed during view rendering. Explicitly configure spring.jpa.open-in-view to disable this warning
2021-01-21 12:19:02.952  INFO 1632 --- [    Test worker] DeferredRepositoryInitializationListener : Triggering deferred initialization of Spring Data repositories…
2021-01-21 12:19:03.047  INFO 1632 --- [         task-1] o.h.e.t.j.p.i.JtaPlatformInitiator       : HHH000490: Using JtaPlatform implementation: [org.hibernate.engine.transaction.jta.platform.internal.NoJtaPlatform]
2021-01-21 12:19:03.069  INFO 1632 --- [         task-1] j.LocalContainerEntityManagerFactoryBean : Initialized JPA EntityManagerFactory for persistence unit 'default'
2021-01-21 12:19:03.640  INFO 1632 --- [    Test worker] DeferredRepositoryInitializationListener : Spring Data repositories initialized!
2021-01-21 12:19:03.652  INFO 1632 --- [    Test worker] c.c.f.m.controller.studioControllerTest  : Started studioControllerTest in 6.228 seconds (JVM running for 12.933)
]]></system-out>
  <system-err><![CDATA[]]></system-err>
</testsuite>
