<?xml version="1.0" encoding="UTF-8"?>
<testsuite name="cz.cvut.fit.matousi1.service.savefileServiceTest" tests="3" skipped="0" failures="0" errors="0" timestamp="2020-11-29T16:38:48" hostname="WSIMUNEK" time="0.206">
  <properties/>
  <testcase name="create()" classname="cz.cvut.fit.matousi1.service.savefileServiceTest" time="0.117"/>
  <testcase name="delete()" classname="cz.cvut.fit.matousi1.service.savefileServiceTest" time="0.049"/>
  <testcase name="update()" classname="cz.cvut.fit.matousi1.service.savefileServiceTest" time="0.034"/>
  <system-out><![CDATA[17:38:41.939 [Test worker] DEBUG org.springframework.test.context.BootstrapUtils - Instantiating CacheAwareContextLoaderDelegate from class [org.springframework.test.context.cache.DefaultCacheAwareContextLoaderDelegate]
17:38:41.953 [Test worker] DEBUG org.springframework.test.context.BootstrapUtils - Instantiating BootstrapContext using constructor [public org.springframework.test.context.support.DefaultBootstrapContext(java.lang.Class,org.springframework.test.context.CacheAwareContextLoaderDelegate)]
17:38:41.987 [Test worker] DEBUG org.springframework.test.context.BootstrapUtils - Instantiating TestContextBootstrapper for test class [cz.cvut.fit.matousi1.service.savefileServiceTest] from class [org.springframework.boot.test.context.SpringBootTestContextBootstrapper]
17:38:42.004 [Test worker] INFO org.springframework.boot.test.context.SpringBootTestContextBootstrapper - Neither @ContextConfiguration nor @ContextHierarchy found for test class [cz.cvut.fit.matousi1.service.savefileServiceTest], using SpringBootContextLoader
17:38:42.008 [Test worker] DEBUG org.springframework.test.context.support.AbstractContextLoader - Did not detect default resource location for test class [cz.cvut.fit.matousi1.service.savefileServiceTest]: class path resource [cz/cvut/fit/matousi1/service/savefileServiceTest-context.xml] does not exist
17:38:42.009 [Test worker] DEBUG org.springframework.test.context.support.AbstractContextLoader - Did not detect default resource location for test class [cz.cvut.fit.matousi1.service.savefileServiceTest]: class path resource [cz/cvut/fit/matousi1/service/savefileServiceTestContext.groovy] does not exist
17:38:42.009 [Test worker] INFO org.springframework.test.context.support.AbstractContextLoader - Could not detect default resource locations for test class [cz.cvut.fit.matousi1.service.savefileServiceTest]: no resource found for suffixes {-context.xml, Context.groovy}.
17:38:42.010 [Test worker] INFO org.springframework.test.context.support.AnnotationConfigContextLoaderUtils - Could not detect default configuration classes for test class [cz.cvut.fit.matousi1.service.savefileServiceTest]: savefileServiceTest does not declare any static, non-private, non-final, nested classes annotated with @Configuration.
17:38:42.066 [Test worker] DEBUG org.springframework.test.context.support.ActiveProfilesUtils - Could not find an 'annotation declaring class' for annotation type [org.springframework.test.context.ActiveProfiles] and class [cz.cvut.fit.matousi1.service.savefileServiceTest]
17:38:42.247 [Test worker] DEBUG org.springframework.context.annotation.ClassPathScanningCandidateComponentProvider - Identified candidate component class: file [D:\FIT_Software\IntelliJ IDEA 2020.2.3\projects\gradle_3\build\classes\java\main\cz\cvut\fit\matousi1\App.class]
17:38:42.249 [Test worker] INFO org.springframework.boot.test.context.SpringBootTestContextBootstrapper - Found @SpringBootConfiguration cz.cvut.fit.matousi1.App for test class cz.cvut.fit.matousi1.service.savefileServiceTest
17:38:42.453 [Test worker] DEBUG org.springframework.boot.test.context.SpringBootTestContextBootstrapper - @TestExecutionListeners is not present for class [cz.cvut.fit.matousi1.service.savefileServiceTest]: using defaults.
17:38:42.456 [Test worker] INFO org.springframework.boot.test.context.SpringBootTestContextBootstrapper - Loaded default TestExecutionListener class names from location [META-INF/spring.factories]: [org.springframework.boot.test.autoconfigure.restdocs.RestDocsTestExecutionListener, org.springframework.boot.test.autoconfigure.web.client.MockRestServiceServerResetTestExecutionListener, org.springframework.boot.test.autoconfigure.web.servlet.MockMvcPrintOnlyOnFailureTestExecutionListener, org.springframework.boot.test.autoconfigure.web.servlet.WebDriverTestExecutionListener, org.springframework.boot.test.autoconfigure.webservices.client.MockWebServiceServerTestExecutionListener, org.springframework.boot.test.mock.mockito.MockitoTestExecutionListener, org.springframework.boot.test.mock.mockito.ResetMocksTestExecutionListener, org.springframework.test.context.web.ServletTestExecutionListener, org.springframework.test.context.support.DirtiesContextBeforeModesTestExecutionListener, org.springframework.test.context.support.DependencyInjectionTestExecutionListener, org.springframework.test.context.support.DirtiesContextTestExecutionListener, org.springframework.test.context.transaction.TransactionalTestExecutionListener, org.springframework.test.context.jdbc.SqlScriptsTestExecutionListener, org.springframework.test.context.event.EventPublishingTestExecutionListener]
17:38:42.481 [Test worker] INFO org.springframework.boot.test.context.SpringBootTestContextBootstrapper - Using TestExecutionListeners: [org.springframework.test.context.web.ServletTestExecutionListener@2496fbcb, org.springframework.test.context.support.DirtiesContextBeforeModesTestExecutionListener@47b9b14a, org.springframework.boot.test.mock.mockito.MockitoTestExecutionListener@3a7e5418, org.springframework.boot.test.autoconfigure.SpringBootDependencyInjectionTestExecutionListener@44c83889, org.springframework.test.context.support.DirtiesContextTestExecutionListener@5793db78, org.springframework.test.context.transaction.TransactionalTestExecutionListener@5d2a0321, org.springframework.test.context.jdbc.SqlScriptsTestExecutionListener@15bc5208, org.springframework.test.context.event.EventPublishingTestExecutionListener@10b53c46, org.springframework.boot.test.autoconfigure.restdocs.RestDocsTestExecutionListener@59347d33, org.springframework.boot.test.autoconfigure.web.client.MockRestServiceServerResetTestExecutionListener@548a4e3f, org.springframework.boot.test.autoconfigure.web.servlet.MockMvcPrintOnlyOnFailureTestExecutionListener@23d16ab4, org.springframework.boot.test.autoconfigure.web.servlet.WebDriverTestExecutionListener@1abf2584, org.springframework.boot.test.autoconfigure.webservices.client.MockWebServiceServerTestExecutionListener@60980e05, org.springframework.boot.test.mock.mockito.ResetMocksTestExecutionListener@66e54f9f]
17:38:42.486 [Test worker] DEBUG org.springframework.test.context.support.AbstractDirtiesContextTestExecutionListener - Before test class: context [DefaultTestContext@66328f16 testClass = savefileServiceTest, testInstance = [null], testMethod = [null], testException = [null], mergedContextConfiguration = [WebMergedContextConfiguration@76244cf7 testClass = savefileServiceTest, locations = '{}', classes = '{class cz.cvut.fit.matousi1.App}', contextInitializerClasses = '[]', activeProfiles = '{}', propertySourceLocations = '{}', propertySourceProperties = '{org.springframework.boot.test.context.SpringBootTestContextBootstrapper=true}', contextCustomizers = set[org.springframework.boot.test.autoconfigure.properties.PropertyMappingContextCustomizer@0, org.springframework.boot.test.autoconfigure.web.servlet.WebDriverContextCustomizerFactory$Customizer@3cdd2a2c, org.springframework.boot.test.context.filter.ExcludeFilterContextCustomizer@7780e77a, org.springframework.boot.test.json.DuplicateJsonObjectContextCustomizerFactory$DuplicateJsonObjectContextCustomizer@40628176, org.springframework.boot.test.mock.mockito.MockitoContextCustomizer@3cd8dc78, org.springframework.boot.test.web.client.TestRestTemplateContextCustomizer@1bddb282, org.springframework.boot.test.context.SpringBootTestArgs@1], resourceBasePath = 'src/main/webapp', contextLoader = 'org.springframework.boot.test.context.SpringBootContextLoader', parent = [null]], attributes = map['org.springframework.test.context.web.ServletTestExecutionListener.activateListener' -> true]], class annotated with @DirtiesContext [false] with mode [null].
17:38:42.522 [Test worker] DEBUG org.springframework.test.context.support.TestPropertySourceUtils - Adding inlined properties to environment: {spring.jmx.enabled=false, org.springframework.boot.test.context.SpringBootTestContextBootstrapper=true}

  .   ____          _            __ _ _
 /\\ / ___'_ __ _ _(_)_ __  __ _ \ \ \ \
( ( )\___ | '_ | '_| | '_ \/ _` | \ \ \ \
 \\/  ___)| |_)| | | | | || (_| |  ) ) ) )
  '  |____| .__|_| |_|_| |_\__, | / / / /
 =========|_|==============|___/=/_/_/_/
 :: Spring Boot ::        (v2.3.4.RELEASE)

2020-11-29 17:38:42.823  INFO 12852 --- [    Test worker] c.c.f.m.service.savefileServiceTest      : Starting savefileServiceTest on WSIMUNEK with PID 12852 (started by matou in D:\FIT_Software\IntelliJ IDEA 2020.2.3\projects\gradle_3)
2020-11-29 17:38:42.825  INFO 12852 --- [    Test worker] c.c.f.m.service.savefileServiceTest      : No active profile set, falling back to default profiles: default
2020-11-29 17:38:43.760  INFO 12852 --- [    Test worker] .s.d.r.c.RepositoryConfigurationDelegate : Bootstrapping Spring Data JPA repositories in DEFERRED mode.
2020-11-29 17:38:43.870  INFO 12852 --- [    Test worker] .s.d.r.c.RepositoryConfigurationDelegate : Finished Spring Data repository scanning in 98ms. Found 5 JPA repository interfaces.
2020-11-29 17:38:45.232  INFO 12852 --- [    Test worker] o.s.s.concurrent.ThreadPoolTaskExecutor  : Initializing ExecutorService 'applicationTaskExecutor'
2020-11-29 17:38:45.342  INFO 12852 --- [         task-1] o.hibernate.jpa.internal.util.LogHelper  : HHH000204: Processing PersistenceUnitInfo [name: default]
2020-11-29 17:38:45.434  INFO 12852 --- [         task-1] org.hibernate.Version                    : HHH000412: Hibernate ORM core version 5.4.21.Final
2020-11-29 17:38:45.531  INFO 12852 --- [         task-1] o.hibernate.annotations.common.Version   : HCANN000001: Hibernate Commons Annotations {5.1.0.Final}
2020-11-29 17:38:45.697  INFO 12852 --- [         task-1] com.zaxxer.hikari.HikariDataSource       : HikariPool-1 - Starting...
2020-11-29 17:38:45.861  WARN 12852 --- [    Test worker] JpaBaseConfiguration$JpaWebConfiguration : spring.jpa.open-in-view is enabled by default. Therefore, database queries may be performed during view rendering. Explicitly configure spring.jpa.open-in-view to disable this warning
2020-11-29 17:38:46.335  INFO 12852 --- [         task-1] com.zaxxer.hikari.HikariDataSource       : HikariPool-1 - Start completed.
2020-11-29 17:38:46.382  INFO 12852 --- [         task-1] org.hibernate.dialect.Dialect            : HHH000400: Using dialect: org.hibernate.dialect.Oracle12cDialect
2020-11-29 17:38:46.918  INFO 12852 --- [    Test worker] DeferredRepositoryInitializationListener : Triggering deferred initialization of Spring Data repositories…
2020-11-29 17:38:48.410  INFO 12852 --- [         task-1] o.h.e.t.j.p.i.JtaPlatformInitiator       : HHH000490: Using JtaPlatform implementation: [org.hibernate.engine.transaction.jta.platform.internal.NoJtaPlatform]
2020-11-29 17:38:48.420  INFO 12852 --- [         task-1] j.LocalContainerEntityManagerFactoryBean : Initialized JPA EntityManagerFactory for persistence unit 'default'
2020-11-29 17:38:48.761  INFO 12852 --- [    Test worker] DeferredRepositoryInitializationListener : Spring Data repositories initialized!
2020-11-29 17:38:48.771  INFO 12852 --- [    Test worker] c.c.f.m.service.savefileServiceTest      : Started savefileServiceTest in 6.239 seconds (JVM running for 7.832)
]]></system-out>
  <system-err><![CDATA[]]></system-err>
</testsuite>
