<?xml version="1.0" encoding="UTF-8"?>
<testsuite name="cz.cvut.fit.matousi1.controller.savefileControllerTest" tests="5" skipped="0" failures="0" errors="0" timestamp="2020-12-21T17:52:37" hostname="WSIMUNEK" time="0.033">
  <properties/>
  <testcase name="create()" classname="cz.cvut.fit.matousi1.controller.savefileControllerTest" time="0.006"/>
  <testcase name="delete()" classname="cz.cvut.fit.matousi1.controller.savefileControllerTest" time="0.004"/>
  <testcase name="readById()" classname="cz.cvut.fit.matousi1.controller.savefileControllerTest" time="0.005"/>
  <testcase name="update()" classname="cz.cvut.fit.matousi1.controller.savefileControllerTest" time="0.006"/>
  <testcase name="readAll()" classname="cz.cvut.fit.matousi1.controller.savefileControllerTest" time="0.005"/>
  <system-out><![CDATA[2020-12-21 18:52:35.952  INFO 6564 --- [    Test worker] .b.t.c.SpringBootTestContextBootstrapper : Neither @ContextConfiguration nor @ContextHierarchy found for test class [cz.cvut.fit.matousi1.controller.savefileControllerTest], using SpringBootContextLoader
2020-12-21 18:52:35.954  INFO 6564 --- [    Test worker] o.s.t.c.support.AbstractContextLoader    : Could not detect default resource locations for test class [cz.cvut.fit.matousi1.controller.savefileControllerTest]: no resource found for suffixes {-context.xml, Context.groovy}.
2020-12-21 18:52:35.956  INFO 6564 --- [    Test worker] t.c.s.AnnotationConfigContextLoaderUtils : Could not detect default configuration classes for test class [cz.cvut.fit.matousi1.controller.savefileControllerTest]: savefileControllerTest does not declare any static, non-private, non-final, nested classes annotated with @Configuration.
2020-12-21 18:52:35.961  INFO 6564 --- [    Test worker] .b.t.c.SpringBootTestContextBootstrapper : Found @SpringBootConfiguration cz.cvut.fit.matousi1.App for test class cz.cvut.fit.matousi1.controller.savefileControllerTest
2020-12-21 18:52:35.963  INFO 6564 --- [    Test worker] .b.t.c.SpringBootTestContextBootstrapper : Loaded default TestExecutionListener class names from location [META-INF/spring.factories]: [org.springframework.boot.test.autoconfigure.restdocs.RestDocsTestExecutionListener, org.springframework.boot.test.autoconfigure.web.client.MockRestServiceServerResetTestExecutionListener, org.springframework.boot.test.autoconfigure.web.servlet.MockMvcPrintOnlyOnFailureTestExecutionListener, org.springframework.boot.test.autoconfigure.web.servlet.WebDriverTestExecutionListener, org.springframework.boot.test.autoconfigure.webservices.client.MockWebServiceServerTestExecutionListener, org.springframework.boot.test.mock.mockito.MockitoTestExecutionListener, org.springframework.boot.test.mock.mockito.ResetMocksTestExecutionListener, org.springframework.test.context.web.ServletTestExecutionListener, org.springframework.test.context.support.DirtiesContextBeforeModesTestExecutionListener, org.springframework.test.context.support.DependencyInjectionTestExecutionListener, org.springframework.test.context.support.DirtiesContextTestExecutionListener, org.springframework.test.context.transaction.TransactionalTestExecutionListener, org.springframework.test.context.jdbc.SqlScriptsTestExecutionListener, org.springframework.test.context.event.EventPublishingTestExecutionListener]
2020-12-21 18:52:35.964  INFO 6564 --- [    Test worker] .b.t.c.SpringBootTestContextBootstrapper : Using TestExecutionListeners: [org.springframework.test.context.web.ServletTestExecutionListener@2c182d4, org.springframework.test.context.support.DirtiesContextBeforeModesTestExecutionListener@2cfee579, org.springframework.boot.test.mock.mockito.MockitoTestExecutionListener@4382a4bf, org.springframework.boot.test.autoconfigure.SpringBootDependencyInjectionTestExecutionListener@31525537, org.springframework.test.context.support.DirtiesContextTestExecutionListener@3f8ba6eb, org.springframework.test.context.transaction.TransactionalTestExecutionListener@6405594e, org.springframework.test.context.jdbc.SqlScriptsTestExecutionListener@32f4ae2d, org.springframework.test.context.event.EventPublishingTestExecutionListener@11acbea9, org.springframework.boot.test.autoconfigure.restdocs.RestDocsTestExecutionListener@7372ee89, org.springframework.boot.test.autoconfigure.web.client.MockRestServiceServerResetTestExecutionListener@3df31680, org.springframework.boot.test.autoconfigure.web.servlet.MockMvcPrintOnlyOnFailureTestExecutionListener@2ae142d5, org.springframework.boot.test.autoconfigure.web.servlet.WebDriverTestExecutionListener@5e4ce8d6, org.springframework.boot.test.autoconfigure.webservices.client.MockWebServiceServerTestExecutionListener@3a2e5330, org.springframework.boot.test.mock.mockito.ResetMocksTestExecutionListener@1f4c15e3]

  .   ____          _            __ _ _
 /\\ / ___'_ __ _ _(_)_ __  __ _ \ \ \ \
( ( )\___ | '_ | '_| | '_ \/ _` | \ \ \ \
 \\/  ___)| |_)| | | | | || (_| |  ) ) ) )
  '  |____| .__|_| |_|_| |_\__, | / / / /
 =========|_|==============|___/=/_/_/_/
 :: Spring Boot ::        (v2.3.4.RELEASE)

2020-12-21 18:52:36.004  INFO 6564 --- [    Test worker] c.c.f.m.c.savefileControllerTest         : Starting savefileControllerTest on WSIMUNEK with PID 6564 (started by matou in D:\FIT_Software\IntelliJ IDEA 2020.2.3\projects\gradle_3)
2020-12-21 18:52:36.005  INFO 6564 --- [    Test worker] c.c.f.m.c.savefileControllerTest         : No active profile set, falling back to default profiles: default
2020-12-21 18:52:36.271  INFO 6564 --- [    Test worker] .s.d.r.c.RepositoryConfigurationDelegate : Bootstrapping Spring Data JPA repositories in DEFERRED mode.
2020-12-21 18:52:36.297  INFO 6564 --- [    Test worker] .s.d.r.c.RepositoryConfigurationDelegate : Finished Spring Data repository scanning in 25ms. Found 5 JPA repository interfaces.
2020-12-21 18:52:36.501  INFO 6564 --- [    Test worker] o.s.s.concurrent.ThreadPoolTaskExecutor  : Initializing ExecutorService 'applicationTaskExecutor'
2020-12-21 18:52:36.504  INFO 6564 --- [    Test worker] com.zaxxer.hikari.HikariDataSource       : HikariPool-3 - Starting...
2020-12-21 18:52:36.507  INFO 6564 --- [    Test worker] com.zaxxer.hikari.pool.PoolBase          : HikariPool-3 - Driver does not support get/set network timeout for connections. (Receiver class org.h2.jdbc.JdbcConnection does not define or inherit an implementation of the resolved method 'abstract int getNetworkTimeout()' of interface java.sql.Connection.)
2020-12-21 18:52:36.508  INFO 6564 --- [    Test worker] com.zaxxer.hikari.HikariDataSource       : HikariPool-3 - Start completed.
2020-12-21 18:52:36.526  INFO 6564 --- [         task-1] o.hibernate.jpa.internal.util.LogHelper  : HHH000204: Processing PersistenceUnitInfo [name: default]
2020-12-21 18:52:36.536  INFO 6564 --- [         task-1] org.hibernate.dialect.Dialect            : HHH000400: Using dialect: org.hibernate.dialect.H2Dialect
2020-12-21 18:52:36.540 ERROR 6564 --- [         task-1] o.h.e.j.e.internal.JdbcEnvironmentImpl   : Could not fetch the SequenceInformation from the database

org.h2.jdbc.JdbcSQLException: Column "min_value" not found [42122-148]
	at org.h2.message.DbException.getJdbcSQLException(DbException.java:327) ~[h2-1.3.148.jar:1.3.148]
	at org.h2.message.DbException.get(DbException.java:167) ~[h2-1.3.148.jar:1.3.148]
	at org.h2.message.DbException.get(DbException.java:144) ~[h2-1.3.148.jar:1.3.148]
	at org.h2.jdbc.JdbcResultSet.getColumnIndex(JdbcResultSet.java:2885) ~[h2-1.3.148.jar:1.3.148]
	at org.h2.jdbc.JdbcResultSet.get(JdbcResultSet.java:2961) ~[h2-1.3.148.jar:1.3.148]
	at org.h2.jdbc.JdbcResultSet.getLong(JdbcResultSet.java:622) ~[h2-1.3.148.jar:1.3.148]
	at com.zaxxer.hikari.pool.HikariProxyResultSet.getLong(HikariProxyResultSet.java) ~[HikariCP-3.4.5.jar:na]
	at org.hibernate.tool.schema.extract.internal.SequenceInformationExtractorLegacyImpl.resultSetMinValue(SequenceInformationExtractorLegacyImpl.java:134) ~[hibernate-core-5.4.21.Final.jar:5.4.21.Final]
	at org.hibernate.tool.schema.extract.internal.SequenceInformationExtractorLegacyImpl.extractMetadata(SequenceInformationExtractorLegacyImpl.java:60) ~[hibernate-core-5.4.21.Final.jar:5.4.21.Final]
	at org.hibernate.engine.jdbc.env.internal.JdbcEnvironmentImpl.sequenceInformationList(JdbcEnvironmentImpl.java:403) ~[hibernate-core-5.4.21.Final.jar:5.4.21.Final]
	at org.hibernate.engine.jdbc.env.internal.JdbcEnvironmentImpl.<init>(JdbcEnvironmentImpl.java:268) ~[hibernate-core-5.4.21.Final.jar:5.4.21.Final]
	at org.hibernate.engine.jdbc.env.internal.JdbcEnvironmentInitiator.initiateService(JdbcEnvironmentInitiator.java:114) ~[hibernate-core-5.4.21.Final.jar:5.4.21.Final]
	at org.hibernate.engine.jdbc.env.internal.JdbcEnvironmentInitiator.initiateService(JdbcEnvironmentInitiator.java:35) ~[hibernate-core-5.4.21.Final.jar:5.4.21.Final]
	at org.hibernate.boot.registry.internal.StandardServiceRegistryImpl.initiateService(StandardServiceRegistryImpl.java:101) ~[hibernate-core-5.4.21.Final.jar:5.4.21.Final]
	at org.hibernate.service.internal.AbstractServiceRegistryImpl.createService(AbstractServiceRegistryImpl.java:263) ~[hibernate-core-5.4.21.Final.jar:5.4.21.Final]
	at org.hibernate.service.internal.AbstractServiceRegistryImpl.initializeService(AbstractServiceRegistryImpl.java:237) ~[hibernate-core-5.4.21.Final.jar:5.4.21.Final]
	at org.hibernate.service.internal.AbstractServiceRegistryImpl.getService(AbstractServiceRegistryImpl.java:214) ~[hibernate-core-5.4.21.Final.jar:5.4.21.Final]
	at org.hibernate.id.factory.internal.DefaultIdentifierGeneratorFactory.injectServices(DefaultIdentifierGeneratorFactory.java:152) ~[hibernate-core-5.4.21.Final.jar:5.4.21.Final]
	at org.hibernate.service.internal.AbstractServiceRegistryImpl.injectDependencies(AbstractServiceRegistryImpl.java:286) ~[hibernate-core-5.4.21.Final.jar:5.4.21.Final]
	at org.hibernate.service.internal.AbstractServiceRegistryImpl.initializeService(AbstractServiceRegistryImpl.java:243) ~[hibernate-core-5.4.21.Final.jar:5.4.21.Final]
	at org.hibernate.service.internal.AbstractServiceRegistryImpl.getService(AbstractServiceRegistryImpl.java:214) ~[hibernate-core-5.4.21.Final.jar:5.4.21.Final]
	at org.hibernate.boot.internal.InFlightMetadataCollectorImpl.<init>(InFlightMetadataCollectorImpl.java:176) ~[hibernate-core-5.4.21.Final.jar:5.4.21.Final]
	at org.hibernate.boot.model.process.spi.MetadataBuildingProcess.complete(MetadataBuildingProcess.java:118) ~[hibernate-core-5.4.21.Final.jar:5.4.21.Final]
	at org.hibernate.jpa.boot.internal.EntityManagerFactoryBuilderImpl.metadata(EntityManagerFactoryBuilderImpl.java:1224) ~[hibernate-core-5.4.21.Final.jar:5.4.21.Final]
	at org.hibernate.jpa.boot.internal.EntityManagerFactoryBuilderImpl.build(EntityManagerFactoryBuilderImpl.java:1255) ~[hibernate-core-5.4.21.Final.jar:5.4.21.Final]
	at org.springframework.orm.jpa.vendor.SpringHibernateJpaPersistenceProvider.createContainerEntityManagerFactory(SpringHibernateJpaPersistenceProvider.java:58) ~[spring-orm-5.2.9.RELEASE.jar:5.2.9.RELEASE]
	at org.springframework.orm.jpa.LocalContainerEntityManagerFactoryBean.createNativeEntityManagerFactory(LocalContainerEntityManagerFactoryBean.java:365) ~[spring-orm-5.2.9.RELEASE.jar:5.2.9.RELEASE]
	at org.springframework.orm.jpa.AbstractEntityManagerFactoryBean.buildNativeEntityManagerFactory(AbstractEntityManagerFactoryBean.java:391) ~[spring-orm-5.2.9.RELEASE.jar:5.2.9.RELEASE]
	at java.base/java.util.concurrent.FutureTask.run(FutureTask.java:264) ~[na:na]
	at java.base/java.util.concurrent.ThreadPoolExecutor.runWorker(ThreadPoolExecutor.java:1130) ~[na:na]
	at java.base/java.util.concurrent.ThreadPoolExecutor$Worker.run(ThreadPoolExecutor.java:630) ~[na:na]
	at java.base/java.lang.Thread.run(Thread.java:832) ~[na:na]

2020-12-21 18:52:36.718  INFO 6564 --- [         task-1] o.h.e.t.j.p.i.JtaPlatformInitiator       : HHH000490: Using JtaPlatform implementation: [org.hibernate.engine.transaction.jta.platform.internal.NoJtaPlatform]
2020-12-21 18:52:36.718  INFO 6564 --- [         task-1] j.LocalContainerEntityManagerFactoryBean : Initialized JPA EntityManagerFactory for persistence unit 'default'
2020-12-21 18:52:36.815  WARN 6564 --- [    Test worker] JpaBaseConfiguration$JpaWebConfiguration : spring.jpa.open-in-view is enabled by default. Therefore, database queries may be performed during view rendering. Explicitly configure spring.jpa.open-in-view to disable this warning
2020-12-21 18:52:37.207  INFO 6564 --- [    Test worker] o.s.b.t.m.w.SpringBootMockServletContext : Initializing Spring TestDispatcherServlet ''
2020-12-21 18:52:37.207  INFO 6564 --- [    Test worker] o.s.t.web.servlet.TestDispatcherServlet  : Initializing Servlet ''
2020-12-21 18:52:37.216  INFO 6564 --- [    Test worker] o.s.t.web.servlet.TestDispatcherServlet  : Completed initialization in 8 ms
2020-12-21 18:52:37.223  INFO 6564 --- [    Test worker] DeferredRepositoryInitializationListener : Triggering deferred initialization of Spring Data repositories…
2020-12-21 18:52:37.403  INFO 6564 --- [    Test worker] DeferredRepositoryInitializationListener : Spring Data repositories initialized!
2020-12-21 18:52:37.413  INFO 6564 --- [    Test worker] c.c.f.m.c.savefileControllerTest         : Started savefileControllerTest in 1.442 seconds (JVM running for 10.357)
]]></system-out>
  <system-err><![CDATA[]]></system-err>
</testsuite>
