<?xml version="1.0" encoding="UTF-8"?>
<testsuite name="cz.cvut.fit.matousi1.controller.gameControllerTest" tests="5" skipped="0" failures="0" errors="0" timestamp="2020-12-21T17:52:34" hostname="WSIMUNEK" time="0.104">
  <properties/>
  <testcase name="create()" classname="cz.cvut.fit.matousi1.controller.gameControllerTest" time="0.069"/>
  <testcase name="delete()" classname="cz.cvut.fit.matousi1.controller.gameControllerTest" time="0.005"/>
  <testcase name="readById()" classname="cz.cvut.fit.matousi1.controller.gameControllerTest" time="0.008"/>
  <testcase name="update()" classname="cz.cvut.fit.matousi1.controller.gameControllerTest" time="0.009"/>
  <testcase name="readAll()" classname="cz.cvut.fit.matousi1.controller.gameControllerTest" time="0.005"/>
  <system-out><![CDATA[18:52:28.169 [Test worker] DEBUG org.springframework.test.context.BootstrapUtils - Instantiating CacheAwareContextLoaderDelegate from class [org.springframework.test.context.cache.DefaultCacheAwareContextLoaderDelegate]
18:52:28.185 [Test worker] DEBUG org.springframework.test.context.BootstrapUtils - Instantiating BootstrapContext using constructor [public org.springframework.test.context.support.DefaultBootstrapContext(java.lang.Class,org.springframework.test.context.CacheAwareContextLoaderDelegate)]
18:52:28.224 [Test worker] DEBUG org.springframework.test.context.BootstrapUtils - Instantiating TestContextBootstrapper for test class [cz.cvut.fit.matousi1.controller.gameControllerTest] from class [org.springframework.boot.test.context.SpringBootTestContextBootstrapper]
18:52:28.244 [Test worker] INFO org.springframework.boot.test.context.SpringBootTestContextBootstrapper - Neither @ContextConfiguration nor @ContextHierarchy found for test class [cz.cvut.fit.matousi1.controller.gameControllerTest], using SpringBootContextLoader
18:52:28.249 [Test worker] DEBUG org.springframework.test.context.support.AbstractContextLoader - Did not detect default resource location for test class [cz.cvut.fit.matousi1.controller.gameControllerTest]: class path resource [cz/cvut/fit/matousi1/controller/gameControllerTest-context.xml] does not exist
18:52:28.250 [Test worker] DEBUG org.springframework.test.context.support.AbstractContextLoader - Did not detect default resource location for test class [cz.cvut.fit.matousi1.controller.gameControllerTest]: class path resource [cz/cvut/fit/matousi1/controller/gameControllerTestContext.groovy] does not exist
18:52:28.250 [Test worker] INFO org.springframework.test.context.support.AbstractContextLoader - Could not detect default resource locations for test class [cz.cvut.fit.matousi1.controller.gameControllerTest]: no resource found for suffixes {-context.xml, Context.groovy}.
18:52:28.251 [Test worker] INFO org.springframework.test.context.support.AnnotationConfigContextLoaderUtils - Could not detect default configuration classes for test class [cz.cvut.fit.matousi1.controller.gameControllerTest]: gameControllerTest does not declare any static, non-private, non-final, nested classes annotated with @Configuration.
18:52:28.336 [Test worker] DEBUG org.springframework.test.context.support.ActiveProfilesUtils - Could not find an 'annotation declaring class' for annotation type [org.springframework.test.context.ActiveProfiles] and class [cz.cvut.fit.matousi1.controller.gameControllerTest]
18:52:28.450 [Test worker] DEBUG org.springframework.context.annotation.ClassPathScanningCandidateComponentProvider - Identified candidate component class: file [D:\FIT_Software\IntelliJ IDEA 2020.2.3\projects\gradle_3\build\classes\java\main\cz\cvut\fit\matousi1\App.class]
18:52:28.452 [Test worker] INFO org.springframework.boot.test.context.SpringBootTestContextBootstrapper - Found @SpringBootConfiguration cz.cvut.fit.matousi1.App for test class cz.cvut.fit.matousi1.controller.gameControllerTest
18:52:28.572 [Test worker] DEBUG org.springframework.boot.test.context.SpringBootTestContextBootstrapper - @TestExecutionListeners is not present for class [cz.cvut.fit.matousi1.controller.gameControllerTest]: using defaults.
18:52:28.573 [Test worker] INFO org.springframework.boot.test.context.SpringBootTestContextBootstrapper - Loaded default TestExecutionListener class names from location [META-INF/spring.factories]: [org.springframework.boot.test.autoconfigure.restdocs.RestDocsTestExecutionListener, org.springframework.boot.test.autoconfigure.web.client.MockRestServiceServerResetTestExecutionListener, org.springframework.boot.test.autoconfigure.web.servlet.MockMvcPrintOnlyOnFailureTestExecutionListener, org.springframework.boot.test.autoconfigure.web.servlet.WebDriverTestExecutionListener, org.springframework.boot.test.autoconfigure.webservices.client.MockWebServiceServerTestExecutionListener, org.springframework.boot.test.mock.mockito.MockitoTestExecutionListener, org.springframework.boot.test.mock.mockito.ResetMocksTestExecutionListener, org.springframework.test.context.web.ServletTestExecutionListener, org.springframework.test.context.support.DirtiesContextBeforeModesTestExecutionListener, org.springframework.test.context.support.DependencyInjectionTestExecutionListener, org.springframework.test.context.support.DirtiesContextTestExecutionListener, org.springframework.test.context.transaction.TransactionalTestExecutionListener, org.springframework.test.context.jdbc.SqlScriptsTestExecutionListener, org.springframework.test.context.event.EventPublishingTestExecutionListener]
18:52:28.591 [Test worker] INFO org.springframework.boot.test.context.SpringBootTestContextBootstrapper - Using TestExecutionListeners: [org.springframework.test.context.web.ServletTestExecutionListener@5d131602, org.springframework.test.context.support.DirtiesContextBeforeModesTestExecutionListener@21ff6e24, org.springframework.boot.test.mock.mockito.MockitoTestExecutionListener@29ac747d, org.springframework.boot.test.autoconfigure.SpringBootDependencyInjectionTestExecutionListener@4cf29693, org.springframework.test.context.support.DirtiesContextTestExecutionListener@9943a09, org.springframework.test.context.transaction.TransactionalTestExecutionListener@5340eb51, org.springframework.test.context.jdbc.SqlScriptsTestExecutionListener@190562d8, org.springframework.test.context.event.EventPublishingTestExecutionListener@419b3965, org.springframework.boot.test.autoconfigure.restdocs.RestDocsTestExecutionListener@69f7072d, org.springframework.boot.test.autoconfigure.web.client.MockRestServiceServerResetTestExecutionListener@3d397321, org.springframework.boot.test.autoconfigure.web.servlet.MockMvcPrintOnlyOnFailureTestExecutionListener@f98d5fc, org.springframework.boot.test.autoconfigure.web.servlet.WebDriverTestExecutionListener@1750957b, org.springframework.boot.test.autoconfigure.webservices.client.MockWebServiceServerTestExecutionListener@464f26d3, org.springframework.boot.test.mock.mockito.ResetMocksTestExecutionListener@3099f540]
18:52:28.595 [Test worker] DEBUG org.springframework.test.context.support.AbstractDirtiesContextTestExecutionListener - Before test class: context [DefaultTestContext@62ca3813 testClass = gameControllerTest, testInstance = [null], testMethod = [null], testException = [null], mergedContextConfiguration = [WebMergedContextConfiguration@6feecb9f testClass = gameControllerTest, locations = '{}', classes = '{class cz.cvut.fit.matousi1.App}', contextInitializerClasses = '[]', activeProfiles = '{}', propertySourceLocations = '{}', propertySourceProperties = '{org.springframework.boot.test.context.SpringBootTestContextBootstrapper=true}', contextCustomizers = set[org.springframework.boot.test.autoconfigure.properties.PropertyMappingContextCustomizer@4b3fa0b3, org.springframework.boot.test.autoconfigure.web.servlet.WebDriverContextCustomizerFactory$Customizer@1a53403, [ImportsContextCustomizer@4d8170b key = [org.springframework.boot.test.autoconfigure.web.servlet.MockMvcAutoConfiguration, org.springframework.boot.test.autoconfigure.web.servlet.MockMvcWebClientAutoConfiguration, org.springframework.boot.test.autoconfigure.web.servlet.MockMvcWebDriverAutoConfiguration, org.springframework.boot.autoconfigure.security.oauth2.client.servlet.OAuth2ClientAutoConfiguration, org.springframework.boot.autoconfigure.security.oauth2.resource.servlet.OAuth2ResourceServerAutoConfiguration, org.springframework.boot.autoconfigure.security.servlet.SecurityAutoConfiguration, org.springframework.boot.autoconfigure.security.servlet.SecurityFilterAutoConfiguration, org.springframework.boot.autoconfigure.security.servlet.UserDetailsServiceAutoConfiguration, org.springframework.boot.test.autoconfigure.web.servlet.MockMvcSecurityConfiguration]], org.springframework.boot.test.context.filter.ExcludeFilterContextCustomizer@3d363e59, org.springframework.boot.test.json.DuplicateJsonObjectContextCustomizerFactory$DuplicateJsonObjectContextCustomizer@34939ac0, org.springframework.boot.test.mock.mockito.MockitoContextCustomizer@b04a36cb, org.springframework.boot.test.web.client.TestRestTemplateContextCustomizer@70c0854d, org.springframework.boot.test.context.SpringBootTestArgs@1], resourceBasePath = 'src/main/webapp', contextLoader = 'org.springframework.boot.test.context.SpringBootContextLoader', parent = [null]], attributes = map['org.springframework.test.context.web.ServletTestExecutionListener.activateListener' -> true]], class annotated with @DirtiesContext [false] with mode [null].
18:52:28.628 [Test worker] DEBUG org.springframework.test.context.support.TestPropertySourceUtils - Adding inlined properties to environment: {spring.jmx.enabled=false, org.springframework.boot.test.context.SpringBootTestContextBootstrapper=true}

  .   ____          _            __ _ _
 /\\ / ___'_ __ _ _(_)_ __  __ _ \ \ \ \
( ( )\___ | '_ | '_| | '_ \/ _` | \ \ \ \
 \\/  ___)| |_)| | | | | || (_| |  ) ) ) )
  '  |____| .__|_| |_|_| |_\__, | / / / /
 =========|_|==============|___/=/_/_/_/
 :: Spring Boot ::        (v2.3.4.RELEASE)

2020-12-21 18:52:28.984  INFO 6564 --- [    Test worker] c.c.f.m.controller.gameControllerTest    : Starting gameControllerTest on WSIMUNEK with PID 6564 (started by matou in D:\FIT_Software\IntelliJ IDEA 2020.2.3\projects\gradle_3)
2020-12-21 18:52:28.986  INFO 6564 --- [    Test worker] c.c.f.m.controller.gameControllerTest    : No active profile set, falling back to default profiles: default
2020-12-21 18:52:29.873  INFO 6564 --- [    Test worker] .s.d.r.c.RepositoryConfigurationDelegate : Bootstrapping Spring Data JPA repositories in DEFERRED mode.
2020-12-21 18:52:29.983  INFO 6564 --- [    Test worker] .s.d.r.c.RepositoryConfigurationDelegate : Finished Spring Data repository scanning in 98ms. Found 5 JPA repository interfaces.
2020-12-21 18:52:31.285  INFO 6564 --- [    Test worker] o.s.s.concurrent.ThreadPoolTaskExecutor  : Initializing ExecutorService 'applicationTaskExecutor'
2020-12-21 18:52:31.306  INFO 6564 --- [    Test worker] com.zaxxer.hikari.HikariDataSource       : HikariPool-1 - Starting...
2020-12-21 18:52:31.578  INFO 6564 --- [    Test worker] com.zaxxer.hikari.pool.PoolBase          : HikariPool-1 - Driver does not support get/set network timeout for connections. (Receiver class org.h2.jdbc.JdbcConnection does not define or inherit an implementation of the resolved method 'abstract int getNetworkTimeout()' of interface java.sql.Connection.)
2020-12-21 18:52:31.591  INFO 6564 --- [    Test worker] com.zaxxer.hikari.HikariDataSource       : HikariPool-1 - Start completed.
2020-12-21 18:52:31.723  INFO 6564 --- [         task-1] o.hibernate.jpa.internal.util.LogHelper  : HHH000204: Processing PersistenceUnitInfo [name: default]
2020-12-21 18:52:31.869  INFO 6564 --- [         task-1] org.hibernate.Version                    : HHH000412: Hibernate ORM core version 5.4.21.Final
2020-12-21 18:52:31.966  INFO 6564 --- [         task-1] o.hibernate.annotations.common.Version   : HCANN000001: Hibernate Commons Annotations {5.1.0.Final}
2020-12-21 18:52:32.237  WARN 6564 --- [    Test worker] JpaBaseConfiguration$JpaWebConfiguration : spring.jpa.open-in-view is enabled by default. Therefore, database queries may be performed during view rendering. Explicitly configure spring.jpa.open-in-view to disable this warning
2020-12-21 18:52:32.295  INFO 6564 --- [         task-1] org.hibernate.dialect.Dialect            : HHH000400: Using dialect: org.hibernate.dialect.H2Dialect
2020-12-21 18:52:33.448  INFO 6564 --- [    Test worker] o.s.b.t.m.w.SpringBootMockServletContext : Initializing Spring TestDispatcherServlet ''
2020-12-21 18:52:33.448  INFO 6564 --- [    Test worker] o.s.t.web.servlet.TestDispatcherServlet  : Initializing Servlet ''
2020-12-21 18:52:33.477  INFO 6564 --- [    Test worker] o.s.t.web.servlet.TestDispatcherServlet  : Completed initialization in 29 ms
2020-12-21 18:52:33.498  INFO 6564 --- [    Test worker] DeferredRepositoryInitializationListener : Triggering deferred initialization of Spring Data repositories…
2020-12-21 18:52:33.564  INFO 6564 --- [         task-1] o.h.e.t.j.p.i.JtaPlatformInitiator       : HHH000490: Using JtaPlatform implementation: [org.hibernate.engine.transaction.jta.platform.internal.NoJtaPlatform]
2020-12-21 18:52:33.582  INFO 6564 --- [         task-1] j.LocalContainerEntityManagerFactoryBean : Initialized JPA EntityManagerFactory for persistence unit 'default'
2020-12-21 18:52:34.109  INFO 6564 --- [    Test worker] DeferredRepositoryInitializationListener : Spring Data repositories initialized!
2020-12-21 18:52:34.118  INFO 6564 --- [    Test worker] c.c.f.m.controller.gameControllerTest    : Started gameControllerTest in 5.481 seconds (JVM running for 7.063)
]]></system-out>
  <system-err><![CDATA[]]></system-err>
</testsuite>
