<?xml version="1.0" encoding="UTF-8"?>
<testsuite name="cz.cvut.fit.matousi1.service.gameServiceTest" tests="3" skipped="0" failures="0" errors="0" timestamp="2020-12-09T13:00:28" hostname="WSIMUNEK" time="0.211">
  <properties/>
  <testcase name="create()" classname="cz.cvut.fit.matousi1.service.gameServiceTest" time="0.12"/>
  <testcase name="delete()" classname="cz.cvut.fit.matousi1.service.gameServiceTest" time="0.053"/>
  <testcase name="update()" classname="cz.cvut.fit.matousi1.service.gameServiceTest" time="0.031"/>
  <system-out><![CDATA[14:00:20.931 [Test worker] DEBUG org.springframework.test.context.BootstrapUtils - Instantiating CacheAwareContextLoaderDelegate from class [org.springframework.test.context.cache.DefaultCacheAwareContextLoaderDelegate]
14:00:20.950 [Test worker] DEBUG org.springframework.test.context.BootstrapUtils - Instantiating BootstrapContext using constructor [public org.springframework.test.context.support.DefaultBootstrapContext(java.lang.Class,org.springframework.test.context.CacheAwareContextLoaderDelegate)]
14:00:20.987 [Test worker] DEBUG org.springframework.test.context.BootstrapUtils - Instantiating TestContextBootstrapper for test class [cz.cvut.fit.matousi1.service.gameServiceTest] from class [org.springframework.boot.test.context.SpringBootTestContextBootstrapper]
14:00:21.016 [Test worker] INFO org.springframework.boot.test.context.SpringBootTestContextBootstrapper - Neither @ContextConfiguration nor @ContextHierarchy found for test class [cz.cvut.fit.matousi1.service.gameServiceTest], using SpringBootContextLoader
14:00:21.022 [Test worker] DEBUG org.springframework.test.context.support.AbstractContextLoader - Did not detect default resource location for test class [cz.cvut.fit.matousi1.service.gameServiceTest]: class path resource [cz/cvut/fit/matousi1/service/gameServiceTest-context.xml] does not exist
14:00:21.023 [Test worker] DEBUG org.springframework.test.context.support.AbstractContextLoader - Did not detect default resource location for test class [cz.cvut.fit.matousi1.service.gameServiceTest]: class path resource [cz/cvut/fit/matousi1/service/gameServiceTestContext.groovy] does not exist
14:00:21.023 [Test worker] INFO org.springframework.test.context.support.AbstractContextLoader - Could not detect default resource locations for test class [cz.cvut.fit.matousi1.service.gameServiceTest]: no resource found for suffixes {-context.xml, Context.groovy}.
14:00:21.024 [Test worker] INFO org.springframework.test.context.support.AnnotationConfigContextLoaderUtils - Could not detect default configuration classes for test class [cz.cvut.fit.matousi1.service.gameServiceTest]: gameServiceTest does not declare any static, non-private, non-final, nested classes annotated with @Configuration.
14:00:21.097 [Test worker] DEBUG org.springframework.test.context.support.ActiveProfilesUtils - Could not find an 'annotation declaring class' for annotation type [org.springframework.test.context.ActiveProfiles] and class [cz.cvut.fit.matousi1.service.gameServiceTest]
14:00:21.409 [Test worker] DEBUG org.springframework.context.annotation.ClassPathScanningCandidateComponentProvider - Identified candidate component class: file [D:\FIT_Software\IntelliJ IDEA 2020.2.3\projects\gradle_3\build\classes\java\main\cz\cvut\fit\matousi1\App.class]
14:00:21.411 [Test worker] INFO org.springframework.boot.test.context.SpringBootTestContextBootstrapper - Found @SpringBootConfiguration cz.cvut.fit.matousi1.App for test class cz.cvut.fit.matousi1.service.gameServiceTest
14:00:21.591 [Test worker] DEBUG org.springframework.boot.test.context.SpringBootTestContextBootstrapper - @TestExecutionListeners is not present for class [cz.cvut.fit.matousi1.service.gameServiceTest]: using defaults.
14:00:21.593 [Test worker] INFO org.springframework.boot.test.context.SpringBootTestContextBootstrapper - Loaded default TestExecutionListener class names from location [META-INF/spring.factories]: [org.springframework.boot.test.autoconfigure.restdocs.RestDocsTestExecutionListener, org.springframework.boot.test.autoconfigure.web.client.MockRestServiceServerResetTestExecutionListener, org.springframework.boot.test.autoconfigure.web.servlet.MockMvcPrintOnlyOnFailureTestExecutionListener, org.springframework.boot.test.autoconfigure.web.servlet.WebDriverTestExecutionListener, org.springframework.boot.test.autoconfigure.webservices.client.MockWebServiceServerTestExecutionListener, org.springframework.boot.test.mock.mockito.MockitoTestExecutionListener, org.springframework.boot.test.mock.mockito.ResetMocksTestExecutionListener, org.springframework.test.context.web.ServletTestExecutionListener, org.springframework.test.context.support.DirtiesContextBeforeModesTestExecutionListener, org.springframework.test.context.support.DependencyInjectionTestExecutionListener, org.springframework.test.context.support.DirtiesContextTestExecutionListener, org.springframework.test.context.transaction.TransactionalTestExecutionListener, org.springframework.test.context.jdbc.SqlScriptsTestExecutionListener, org.springframework.test.context.event.EventPublishingTestExecutionListener]
14:00:21.638 [Test worker] INFO org.springframework.boot.test.context.SpringBootTestContextBootstrapper - Using TestExecutionListeners: [org.springframework.test.context.web.ServletTestExecutionListener@5793db78, org.springframework.test.context.support.DirtiesContextBeforeModesTestExecutionListener@5d2a0321, org.springframework.boot.test.mock.mockito.MockitoTestExecutionListener@15bc5208, org.springframework.boot.test.autoconfigure.SpringBootDependencyInjectionTestExecutionListener@10b53c46, org.springframework.test.context.support.DirtiesContextTestExecutionListener@59347d33, org.springframework.test.context.transaction.TransactionalTestExecutionListener@548a4e3f, org.springframework.test.context.jdbc.SqlScriptsTestExecutionListener@23d16ab4, org.springframework.test.context.event.EventPublishingTestExecutionListener@1abf2584, org.springframework.boot.test.autoconfigure.restdocs.RestDocsTestExecutionListener@60980e05, org.springframework.boot.test.autoconfigure.web.client.MockRestServiceServerResetTestExecutionListener@66e54f9f, org.springframework.boot.test.autoconfigure.web.servlet.MockMvcPrintOnlyOnFailureTestExecutionListener@4e491d3d, org.springframework.boot.test.autoconfigure.web.servlet.WebDriverTestExecutionListener@2db99275, org.springframework.boot.test.autoconfigure.webservices.client.MockWebServiceServerTestExecutionListener@df149e1, org.springframework.boot.test.mock.mockito.ResetMocksTestExecutionListener@41a46677]
14:00:21.646 [Test worker] DEBUG org.springframework.test.context.support.AbstractDirtiesContextTestExecutionListener - Before test class: context [DefaultTestContext@6166c147 testClass = gameServiceTest, testInstance = [null], testMethod = [null], testException = [null], mergedContextConfiguration = [WebMergedContextConfiguration@35f17a68 testClass = gameServiceTest, locations = '{}', classes = '{class cz.cvut.fit.matousi1.App}', contextInitializerClasses = '[]', activeProfiles = '{}', propertySourceLocations = '{}', propertySourceProperties = '{org.springframework.boot.test.context.SpringBootTestContextBootstrapper=true}', contextCustomizers = set[org.springframework.boot.test.autoconfigure.properties.PropertyMappingContextCustomizer@0, org.springframework.boot.test.autoconfigure.web.servlet.WebDriverContextCustomizerFactory$Customizer@23a0f6a2, org.springframework.boot.test.context.filter.ExcludeFilterContextCustomizer@40628176, org.springframework.boot.test.json.DuplicateJsonObjectContextCustomizerFactory$DuplicateJsonObjectContextCustomizer@2b4856ed, org.springframework.boot.test.mock.mockito.MockitoContextCustomizer@ed8cba4c, org.springframework.boot.test.web.client.TestRestTemplateContextCustomizer@15b750bd, org.springframework.boot.test.context.SpringBootTestArgs@1], resourceBasePath = 'src/main/webapp', contextLoader = 'org.springframework.boot.test.context.SpringBootContextLoader', parent = [null]], attributes = map['org.springframework.test.context.web.ServletTestExecutionListener.activateListener' -> true]], class annotated with @DirtiesContext [false] with mode [null].
14:00:21.696 [Test worker] DEBUG org.springframework.test.context.support.TestPropertySourceUtils - Adding inlined properties to environment: {spring.jmx.enabled=false, org.springframework.boot.test.context.SpringBootTestContextBootstrapper=true}

  .   ____          _            __ _ _
 /\\ / ___'_ __ _ _(_)_ __  __ _ \ \ \ \
( ( )\___ | '_ | '_| | '_ \/ _` | \ \ \ \
 \\/  ___)| |_)| | | | | || (_| |  ) ) ) )
  '  |____| .__|_| |_|_| |_\__, | / / / /
 =========|_|==============|___/=/_/_/_/
 :: Spring Boot ::        (v2.3.4.RELEASE)

2020-12-09 14:00:22.060  INFO 4048 --- [    Test worker] c.c.f.matousi1.service.gameServiceTest   : Starting gameServiceTest on WSIMUNEK with PID 4048 (started by matou in D:\FIT_Software\IntelliJ IDEA 2020.2.3\projects\gradle_3)
2020-12-09 14:00:22.064  INFO 4048 --- [    Test worker] c.c.f.matousi1.service.gameServiceTest   : No active profile set, falling back to default profiles: default
2020-12-09 14:00:23.433  INFO 4048 --- [    Test worker] .s.d.r.c.RepositoryConfigurationDelegate : Bootstrapping Spring Data JPA repositories in DEFERRED mode.
2020-12-09 14:00:23.578  INFO 4048 --- [    Test worker] .s.d.r.c.RepositoryConfigurationDelegate : Finished Spring Data repository scanning in 125ms. Found 5 JPA repository interfaces.
2020-12-09 14:00:25.340  INFO 4048 --- [    Test worker] o.s.s.concurrent.ThreadPoolTaskExecutor  : Initializing ExecutorService 'applicationTaskExecutor'
2020-12-09 14:00:25.374  INFO 4048 --- [    Test worker] com.zaxxer.hikari.HikariDataSource       : HikariPool-1 - Starting...
2020-12-09 14:00:25.727  INFO 4048 --- [    Test worker] com.zaxxer.hikari.pool.PoolBase          : HikariPool-1 - Driver does not support get/set network timeout for connections. (Receiver class org.h2.jdbc.JdbcConnection does not define or inherit an implementation of the resolved method 'abstract int getNetworkTimeout()' of interface java.sql.Connection.)
2020-12-09 14:00:25.742  INFO 4048 --- [    Test worker] com.zaxxer.hikari.HikariDataSource       : HikariPool-1 - Start completed.
2020-12-09 14:00:25.887  INFO 4048 --- [         task-1] o.hibernate.jpa.internal.util.LogHelper  : HHH000204: Processing PersistenceUnitInfo [name: default]
2020-12-09 14:00:26.076  INFO 4048 --- [         task-1] org.hibernate.Version                    : HHH000412: Hibernate ORM core version 5.4.21.Final
2020-12-09 14:00:26.201  INFO 4048 --- [         task-1] o.hibernate.annotations.common.Version   : HCANN000001: Hibernate Commons Annotations {5.1.0.Final}
2020-12-09 14:00:26.414  WARN 4048 --- [    Test worker] JpaBaseConfiguration$JpaWebConfiguration : spring.jpa.open-in-view is enabled by default. Therefore, database queries may be performed during view rendering. Explicitly configure spring.jpa.open-in-view to disable this warning
2020-12-09 14:00:26.519  INFO 4048 --- [         task-1] org.hibernate.dialect.Dialect            : HHH000400: Using dialect: org.hibernate.dialect.H2Dialect
2020-12-09 14:00:27.725  INFO 4048 --- [    Test worker] DeferredRepositoryInitializationListener : Triggering deferred initialization of Spring Data repositories…
2020-12-09 14:00:27.856  INFO 4048 --- [         task-1] o.h.e.t.j.p.i.JtaPlatformInitiator       : HHH000490: Using JtaPlatform implementation: [org.hibernate.engine.transaction.jta.platform.internal.NoJtaPlatform]
2020-12-09 14:00:27.888  INFO 4048 --- [         task-1] j.LocalContainerEntityManagerFactoryBean : Initialized JPA EntityManagerFactory for persistence unit 'default'
2020-12-09 14:00:28.256  INFO 4048 --- [    Test worker] DeferredRepositoryInitializationListener : Spring Data repositories initialized!
2020-12-09 14:00:28.270  INFO 4048 --- [    Test worker] c.c.f.matousi1.service.gameServiceTest   : Started gameServiceTest in 6.554 seconds (JVM running for 8.779)
]]></system-out>
  <system-err><![CDATA[]]></system-err>
</testsuite>
